# JRE version: Java(TM) SE Runtime Environment Oracle GraalVM 21.0.9+7.1 (21.0.9+7) (build 21.0.9+7-LTS-jvmci-23.1-b79)
# Java VM: Java HotSpot(TM) 64-Bit Server VM Oracle GraalVM 21.0.9+7.1 (21.0.9+7-LTS-jvmci-23.1-b79, mixed mode, sharing, tiered, jvmci, jvmci compiler, compressed oops, compressed class ptrs, g1 gc, bsd-aarch64)
GC Precious Log:
 CardTable entry size: 512
 Card Set container configuration: InlinePtr #cards 5 size 8 Array Of Cards #cards 12 size 40 Howl #buckets 4 coarsen threshold 1843 Howl Bitmap #cards 512 size 80 coarsen threshold 460 Card regions per heap region 1 cards per card region 2048
 CPUs: 8 total, 8 available
 Memory: 8192M
 Large Page Support: Disabled
 NUMA Support: Disabled
 Compressed Oops: Enabled (Zero based)
 Heap Region Size: 1M
 Heap Min Capacity: 8M
 Heap Initial Capacity: 128M
 Heap Max Capacity: 2G
 Pre-touch: Disabled
 Parallel Workers: 8
 Concurrent Workers: 2
 Concurrent Refinement Workers: 8
 Periodic GC: Disabled
Heap:
 garbage-first heap   total 375808K, used 341616K [0x0000000780000000, 0x0000000800000000)
  region size 1024K, 146 young (149504K), 9 survivors (9216K)
 Metaspace       used 91013K, committed 92032K, reserved 1179648K
  class space    used 14209K, committed 14656K, reserved 1048576K
GC Heap History (20 events):
Event: 2.186 GC heap before
{Heap before GC invocations=13 (full 0):
 garbage-first heap   total 369664K, used 324904K [0x0000000780000000, 0x0000000800000000)
  region size 1024K, 213 young (218112K), 8 survivors (8192K)
 Metaspace       used 32748K, committed 33344K, reserved 1114112K
  class space    used 3887K, committed 4160K, reserved 1048576K
}
Event: 2.198 GC heap after
{Heap after GC invocations=14 (full 0):
 garbage-first heap   total 369664K, used 147799K [0x0000000780000000, 0x0000000800000000)
  region size 1024K, 27 young (27648K), 27 survivors (27648K)
 Metaspace       used 32748K, committed 33344K, reserved 1114112K
  class space    used 3887K, committed 4160K, reserved 1048576K
}
Event: 2.571 GC heap before
{Heap before GC invocations=14 (full 0):
 garbage-first heap   total 369664K, used 291159K [0x0000000780000000, 0x0000000800000000)
  region size 1024K, 167 young (171008K), 27 survivors (27648K)
 Metaspace       used 39451K, committed 40064K, reserved 1114112K
  class space    used 4620K, committed 4864K, reserved 1048576K
}
Event: 2.579 GC heap after
{Heap after GC invocations=15 (full 0):
 garbage-first heap   total 369664K, used 153495K [0x0000000780000000, 0x0000000800000000)
  region size 1024K, 7 young (7168K), 7 survivors (7168K)
 Metaspace       used 39451K, committed 40064K, reserved 1114112K
  class space    used 4620K, committed 4864K, reserved 1048576K
}
Event: 2.682 GC heap before
{Heap before GC invocations=15 (full 0):
 garbage-first heap   total 369664K, used 207767K [0x0000000780000000, 0x0000000800000000)
  region size 1024K, 61 young (62464K), 7 survivors (7168K)
 Metaspace       used 41677K, committed 42240K, reserved 1114112K
  class space    used 4948K, committed 5184K, reserved 1048576K
}
Event: 2.684 GC heap after
{Heap after GC invocations=16 (full 0):
 garbage-first heap   total 369664K, used 154007K [0x0000000780000000, 0x0000000800000000)
  region size 1024K, 7 young (7168K), 7 survivors (7168K)
 Metaspace       used 41677K, committed 42240K, reserved 1114112K
  class space    used 4948K, committed 5184K, reserved 1048576K
}
Event: 2.940 GC heap before
{Heap before GC invocations=17 (full 0):
 garbage-first heap   total 369664K, used 315799K [0x0000000780000000, 0x0000000800000000)
  region size 1024K, 165 young (168960K), 7 survivors (7168K)
 Metaspace       used 45685K, committed 46336K, reserved 1114112K
  class space    used 5729K, committed 6016K, reserved 1048576K
}
Event: 2.944 GC heap after
{Heap after GC invocations=18 (full 0):
 garbage-first heap   total 369664K, used 162199K [0x0000000780000000, 0x0000000800000000)
  region size 1024K, 15 young (15360K), 15 survivors (15360K)
 Metaspace       used 45685K, committed 46336K, reserved 1114112K
  class space    used 5729K, committed 6016K, reserved 1048576K
}
Event: 3.087 GC heap before
{Heap before GC invocations=18 (full 0):
 garbage-first heap   total 369664K, used 325015K [0x0000000780000000, 0x0000000800000000)
  region size 1024K, 174 young (178176K), 15 survivors (15360K)
 Metaspace       used 47617K, committed 48320K, reserved 1114112K
  class space    used 6195K, committed 6528K, reserved 1048576K
}
Event: 3.094 GC heap after
{Heap after GC invocations=19 (full 0):
 garbage-first heap   total 369664K, used 170843K [0x0000000780000000, 0x0000000800000000)
  region size 1024K, 20 young (20480K), 20 survivors (20480K)
 Metaspace       used 47617K, committed 48320K, reserved 1114112K
  class space    used 6195K, committed 6528K, reserved 1048576K
}
Event: 3.363 GC heap before
{Heap before GC invocations=19 (full 0):
 garbage-first heap   total 369664K, used 329563K [0x0000000780000000, 0x0000000800000000)
  region size 1024K, 175 young (179200K), 20 survivors (20480K)
 Metaspace       used 49590K, committed 50304K, reserved 1114112K
  class space    used 6520K, committed 6848K, reserved 1048576K
}
Event: 3.368 GC heap after
{Heap after GC invocations=20 (full 0):
 garbage-first heap   total 369664K, used 179235K [0x0000000780000000, 0x0000000800000000)
  region size 1024K, 18 young (18432K), 18 survivors (18432K)
 Metaspace       used 49590K, committed 50304K, reserved 1114112K
  class space    used 6520K, committed 6848K, reserved 1048576K
}
Event: 3.760 GC heap before
{Heap before GC invocations=20 (full 0):
 garbage-first heap   total 369664K, used 330787K [0x0000000780000000, 0x0000000800000000)
  region size 1024K, 166 young (169984K), 18 survivors (18432K)
 Metaspace       used 62059K, committed 62848K, reserved 1114112K
  class space    used 9436K, committed 9792K, reserved 1048576K
}
Event: 3.765 GC heap after
{Heap after GC invocations=21 (full 0):
 garbage-first heap   total 369664K, used 184618K [0x0000000780000000, 0x0000000800000000)
  region size 1024K, 13 young (13312K), 13 survivors (13312K)
 Metaspace       used 62059K, committed 62848K, reserved 1114112K
  class space    used 9436K, committed 9792K, reserved 1048576K
}
Event: 3.991 GC heap before
{Heap before GC invocations=22 (full 0):
 garbage-first heap   total 375808K, used 335146K [0x0000000780000000, 0x0000000800000000)
  region size 1024K, 161 young (164864K), 13 survivors (13312K)
 Metaspace       used 65217K, committed 65984K, reserved 1114112K
  class space    used 10050K, committed 10432K, reserved 1048576K
}
Event: 3.995 GC heap after
{Heap after GC invocations=23 (full 0):
 garbage-first heap   total 375808K, used 191698K [0x0000000780000000, 0x0000000800000000)
  region size 1024K, 13 young (13312K), 13 survivors (13312K)
 Metaspace       used 65217K, committed 65984K, reserved 1114112K
  class space    used 10050K, committed 10432K, reserved 1048576K
}
Event: 4.290 GC heap before
{Heap before GC invocations=23 (full 0):
 garbage-first heap   total 375808K, used 342226K [0x0000000780000000, 0x0000000800000000)
  region size 1024K, 160 young (163840K), 13 survivors (13312K)
 Metaspace       used 76735K, committed 77696K, reserved 1114112K
  class space    used 12396K, committed 12800K, reserved 1048576K
}
Event: 4.295 GC heap after
{Heap after GC invocations=24 (full 0):
 garbage-first heap   total 375808K, used 196951K [0x0000000780000000, 0x0000000800000000)
  region size 1024K, 14 young (14336K), 14 survivors (14336K)
 Metaspace       used 76735K, committed 77696K, reserved 1114112K
  class space    used 12396K, committed 12800K, reserved 1048576K
}
Event: 4.351 GC heap before
{Heap before GC invocations=24 (full 0):
 garbage-first heap   total 375808K, used 226647K [0x0000000780000000, 0x0000000800000000)
  region size 1024K, 44 young (45056K), 14 survivors (14336K)
 Metaspace       used 77835K, committed 78784K, reserved 1179648K
  class space    used 12518K, committed 12928K, reserved 1048576K
}
Event: 4.355 GC heap after
{Heap after GC invocations=25 (full 0):
 garbage-first heap   total 375808K, used 199280K [0x0000000780000000, 0x0000000800000000)
  region size 1024K, 9 young (9216K), 9 survivors (9216K)
 Metaspace       used 77835K, committed 78784K, reserved 1179648K
  class space    used 12518K, committed 12928K, reserved 1048576K
}

